{
  "stats": {
    "suites": 1,
    "tests": 3,
    "passes": 3,
    "pending": 0,
    "failures": 0,
    "start": "2023-07-21T02:47:23.575Z",
    "end": "2023-07-21T02:47:29.271Z",
    "duration": 5696,
    "testsRegistered": 3,
    "passPercent": 100,
    "pendingPercent": 0,
    "other": 0,
    "hasOther": false,
    "skipped": 0,
    "hasSkipped": false
  },
  "results": [
    {
      "uuid": "47fc7edf-2ed2-475e-98cd-a0615b349caf",
      "title": "",
      "fullFile": "cypress/e2e/Specs/Jornada.cy.js",
      "file": "cypress/e2e/Specs/Jornada.cy.js",
      "beforeHooks": [],
      "afterHooks": [],
      "tests": [],
      "suites": [
        {
          "uuid": "5ea2817c-8943-4f06-8aad-31343864e161",
          "title": "Jornada de Compra do Usuário",
          "fullFile": "",
          "file": "",
          "beforeHooks": [],
          "afterHooks": [],
          "tests": [
            {
              "title": "Efetua login no site",
              "fullTitle": "Jornada de Compra do Usuário Efetua login no site",
              "timedOut": null,
              "duration": 1552,
              "state": "passed",
              "speed": "fast",
              "pass": true,
              "fail": false,
              "pending": false,
              "context": null,
              "code": "_LoginPage.default.verificarPaginaPosLogin();",
              "err": {},
              "uuid": "a80d50be-2ec3-4ebc-9f58-8261ec40d8da",
              "parentUUID": "5ea2817c-8943-4f06-8aad-31343864e161",
              "isHook": false,
              "skipped": false
            },
            {
              "title": "Adiciona produtos e navega para o carrinho",
              "fullTitle": "Jornada de Compra do Usuário Adiciona produtos e navega para o carrinho",
              "timedOut": null,
              "duration": 1452,
              "state": "passed",
              "speed": "fast",
              "pass": true,
              "fail": false,
              "pending": false,
              "context": null,
              "code": "_StorePage.default.adicionarItens();\n_StorePage.default.acessarCarrinho();\n_CartPage.default.ValidarMochilaCarrinho();\n_CartPage.default.ValidarLuzBikeCarrinho();\n_CartPage.default.ValidarCamisetaCarrinho();\n_CartPage.default.ValidarQuantidadeItensCarrinho();",
              "err": {},
              "uuid": "b7811069-bf03-4403-a368-9f541ba04536",
              "parentUUID": "5ea2817c-8943-4f06-8aad-31343864e161",
              "isHook": false,
              "skipped": false
            },
            {
              "title": "Adiciona produtos e realiza checkout",
              "fullTitle": "Jornada de Compra do Usuário Adiciona produtos e realiza checkout",
              "timedOut": null,
              "duration": 2614,
              "state": "passed",
              "speed": "fast",
              "pass": true,
              "fail": false,
              "pending": false,
              "context": null,
              "code": "_StorePage.default.adicionarItens();\n_StorePage.default.acessarCarrinho();\n_CartPage.default.ValidarMochilaCarrinho();\n_CartPage.default.ValidarLuzBikeCarrinho();\n_CartPage.default.ValidarCamisetaCarrinho();\n_CartPage.default.ValidarQuantidadeItensCarrinho();\n_CartPage.default.NavegarPaginaCheckout();\n_CheckoutOnePage.default.RealizarPreenchimentoValido();\n_CheckoutOnePage.default.CheckoutButton();\n_CheckoutTwoPage.default.ValidarProdutosCheckout();\n_CheckoutTwoPage.default.FinalizarCompra();",
              "err": {},
              "uuid": "03c6408c-ce1e-437e-a472-aae77818cc52",
              "parentUUID": "5ea2817c-8943-4f06-8aad-31343864e161",
              "isHook": false,
              "skipped": false
            }
          ],
          "suites": [],
          "passes": [
            "a80d50be-2ec3-4ebc-9f58-8261ec40d8da",
            "b7811069-bf03-4403-a368-9f541ba04536",
            "03c6408c-ce1e-437e-a472-aae77818cc52"
          ],
          "failures": [],
          "pending": [],
          "skipped": [],
          "duration": 5618,
          "root": false,
          "rootEmpty": false,
          "_timeout": 2000
        }
      ],
      "passes": [],
      "failures": [],
      "pending": [],
      "skipped": [],
      "duration": 0,
      "root": true,
      "rootEmpty": true,
      "_timeout": 2000
    }
  ],
  "meta": {
    "mocha": {
      "version": "7.0.1"
    },
    "mochawesome": {
      "options": {
        "quiet": true,
        "reportFilename": "mochawesome",
        "saveHtml": false,
        "saveJson": true,
        "consoleReporter": "spec",
        "useInlineDiffs": false,
        "code": true
      },
      "version": "7.1.3"
    },
    "marge": {
      "options": {
        "id": "default",
        "reportDir": "mochawesome-report",
        "quiet": true,
        "overwrite": false,
        "html": false,
        "json": true
      },
      "version": "6.2.0"
    }
  }
}