{
  "stats": {
    "suites": 1,
    "tests": 3,
    "passes": 3,
    "pending": 0,
    "failures": 0,
    "start": "2023-06-30T02:49:27.763Z",
    "end": "2023-06-30T02:49:33.653Z",
    "duration": 5890,
    "testsRegistered": 3,
    "passPercent": 100,
    "pendingPercent": 0,
    "other": 0,
    "hasOther": false,
    "skipped": 0,
    "hasSkipped": false
  },
  "results": [
    {
      "uuid": "b0f0acad-ce05-4927-b1ea-b6f7ef556a1d",
      "title": "",
      "fullFile": "cypress/e2e/Specs/Jornada.cy.js",
      "file": "cypress/e2e/Specs/Jornada.cy.js",
      "beforeHooks": [],
      "afterHooks": [],
      "tests": [],
      "suites": [
        {
          "uuid": "cfeb8119-faae-43be-b333-6f6fb5c83442",
          "title": "Jornada de Compra do Usuário",
          "fullFile": "",
          "file": "",
          "beforeHooks": [],
          "afterHooks": [],
          "tests": [
            {
              "title": "Efetua login no site",
              "fullTitle": "Jornada de Compra do Usuário Efetua login no site",
              "timedOut": null,
              "duration": 1686,
              "state": "passed",
              "speed": "fast",
              "pass": true,
              "fail": false,
              "pending": false,
              "context": null,
              "code": "_LoginPage.default.verificarPaginaPosLogin();",
              "err": {},
              "uuid": "4bcee9ab-a3e8-4d44-8b7d-469b9e717c71",
              "parentUUID": "cfeb8119-faae-43be-b333-6f6fb5c83442",
              "isHook": false,
              "skipped": false
            },
            {
              "title": "Adiciona produtos e navega para o carrinho",
              "fullTitle": "Jornada de Compra do Usuário Adiciona produtos e navega para o carrinho",
              "timedOut": null,
              "duration": 1432,
              "state": "passed",
              "speed": "fast",
              "pass": true,
              "fail": false,
              "pending": false,
              "context": null,
              "code": "_StorePage.default.adicionarItens();\n_StorePage.default.acessarCarrinho();\n_CartPage.default.ValidarMochilaCarrinho();\n_CartPage.default.ValidarLuzBikeCarrinho();\n_CartPage.default.ValidarCamisetaCarrinho();\n_CartPage.default.ValidarQuantidadeItensCarrinho();",
              "err": {},
              "uuid": "73de957a-e3e1-409d-a507-302c524bf11e",
              "parentUUID": "cfeb8119-faae-43be-b333-6f6fb5c83442",
              "isHook": false,
              "skipped": false
            },
            {
              "title": "Adiciona produtos e realiza checkout",
              "fullTitle": "Jornada de Compra do Usuário Adiciona produtos e realiza checkout",
              "timedOut": null,
              "duration": 2704,
              "state": "passed",
              "speed": "fast",
              "pass": true,
              "fail": false,
              "pending": false,
              "context": null,
              "code": "_StorePage.default.adicionarItens();\n_StorePage.default.acessarCarrinho();\n_CartPage.default.ValidarMochilaCarrinho();\n_CartPage.default.ValidarLuzBikeCarrinho();\n_CartPage.default.ValidarCamisetaCarrinho();\n_CartPage.default.ValidarQuantidadeItensCarrinho();\n_CartPage.default.NavegarPaginaCheckout();\n_CheckoutOnePage.default.RealizarPreenchimentoValido();\n_CheckoutOnePage.default.CheckoutButton();\n_CheckoutTwoPage.default.ValidarProdutosCheckout();\n_CheckoutTwoPage.default.FinalizarCompra();",
              "err": {},
              "uuid": "03793eb0-c9ff-4d2e-bd12-57952b05e4e2",
              "parentUUID": "cfeb8119-faae-43be-b333-6f6fb5c83442",
              "isHook": false,
              "skipped": false
            }
          ],
          "suites": [],
          "passes": [
            "4bcee9ab-a3e8-4d44-8b7d-469b9e717c71",
            "73de957a-e3e1-409d-a507-302c524bf11e",
            "03793eb0-c9ff-4d2e-bd12-57952b05e4e2"
          ],
          "failures": [],
          "pending": [],
          "skipped": [],
          "duration": 5822,
          "root": false,
          "rootEmpty": false,
          "_timeout": 2000
        }
      ],
      "passes": [],
      "failures": [],
      "pending": [],
      "skipped": [],
      "duration": 0,
      "root": true,
      "rootEmpty": true,
      "_timeout": 2000
    }
  ],
  "meta": {
    "mocha": {
      "version": "7.0.1"
    },
    "mochawesome": {
      "options": {
        "quiet": true,
        "reportFilename": "mochawesome",
        "saveHtml": false,
        "saveJson": true,
        "consoleReporter": "spec",
        "useInlineDiffs": false,
        "code": true
      },
      "version": "7.1.3"
    },
    "marge": {
      "options": {
        "id": "default",
        "reportDir": "mochawesome-report",
        "quiet": true,
        "overwrite": false,
        "html": false,
        "json": true
      },
      "version": "6.2.0"
    }
  }
}